<?xml version="1.0" encoding="UTF-8"?>
<testng-results ignored="0" total="5" passed="4" failed="1" skipped="0">
  <reporter-output>
  </reporter-output>
  <suite started-at="2020-05-17T21:41:20 CEST" name="Default suite" finished-at="2020-05-17T21:41:20 CEST" duration-ms="122">
    <groups>
    </groups>
    <test started-at="2020-05-17T21:41:20 CEST" name="Default test" finished-at="2020-05-17T21:41:20 CEST" duration-ms="122">
      <class name="calc.CalculatorTest">
        <test-method is-config="true" signature="resetValue()[pri:0, instance:calc.CalculatorTest@20d3d15a]" started-at="2020-05-17T21:41:20 CEST" name="resetValue" finished-at="2020-05-17T21:41:20 CEST" duration-ms="13" status="PASS">
          <reporter-output>
          </reporter-output>
        </test-method> <!-- resetValue -->
        <test-method signature="addTest()[pri:0, instance:calc.CalculatorTest@20d3d15a]" started-at="2020-05-17T21:41:20 CEST" name="addTest" finished-at="2020-05-17T21:41:20 CEST" duration-ms="10" status="PASS">
          <reporter-output>
          </reporter-output>
        </test-method> <!-- addTest -->
        <test-method is-config="true" signature="resetValue()[pri:0, instance:calc.CalculatorTest@20d3d15a]" started-at="2020-05-17T21:41:20 CEST" name="resetValue" finished-at="2020-05-17T21:41:20 CEST" duration-ms="1" status="PASS">
          <reporter-output>
          </reporter-output>
        </test-method> <!-- resetValue -->
        <test-method signature="divNumWithZero()[pri:0, instance:calc.CalculatorTest@20d3d15a]" started-at="2020-05-17T21:41:20 CEST" name="divNumWithZero" finished-at="2020-05-17T21:41:20 CEST" duration-ms="7" status="FAIL">
          <exception class="java.lang.AssertionError">
            <message>
              <![CDATA[expected [NaN] but found [10.0]]]>
            </message>
            <full-stacktrace>
              <![CDATA[java.lang.AssertionError: expected [NaN] but found [10.0]
at org.testng.Assert.fail(Assert.java:97)
at org.testng.Assert.failNotEquals(Assert.java:968)
at org.testng.Assert.assertEquals(Assert.java:637)
at org.testng.Assert.assertEquals(Assert.java:651)
at calc.CalculatorTest.divNumWithZero(CalculatorTest.java:63)
at java.base/jdk.internal.reflect.NativeMethodAccessorImpl.invoke0(Native Method)
at java.base/jdk.internal.reflect.NativeMethodAccessorImpl.invoke(NativeMethodAccessorImpl.java:62)
at java.base/jdk.internal.reflect.DelegatingMethodAccessorImpl.invoke(DelegatingMethodAccessorImpl.java:43)
at java.base/java.lang.reflect.Method.invoke(Method.java:567)
at org.testng.internal.MethodInvocationHelper.invokeMethod(MethodInvocationHelper.java:135)
at org.testng.internal.TestInvoker.invokeMethod(TestInvoker.java:598)
at org.testng.internal.TestInvoker.invokeTestMethod(TestInvoker.java:174)
at org.testng.internal.MethodRunner.runInSequence(MethodRunner.java:46)
at org.testng.internal.TestInvoker$MethodInvocationAgent.invoke(TestInvoker.java:821)
at org.testng.internal.TestInvoker.invokeTestMethods(TestInvoker.java:147)
at org.testng.internal.TestMethodWorker.invokeTestMethods(TestMethodWorker.java:146)
at org.testng.internal.TestMethodWorker.run(TestMethodWorker.java:128)
at java.base/java.util.ArrayList.forEach(ArrayList.java:1507)
at org.testng.TestRunner.privateRun(TestRunner.java:767)
at org.testng.TestRunner.run(TestRunner.java:588)
at org.testng.SuiteRunner.runTest(SuiteRunner.java:384)
at org.testng.SuiteRunner.runSequentially(SuiteRunner.java:378)
at org.testng.SuiteRunner.privateRun(SuiteRunner.java:337)
at org.testng.SuiteRunner.run(SuiteRunner.java:286)
at org.testng.SuiteRunnerWorker.runSuite(SuiteRunnerWorker.java:53)
at org.testng.SuiteRunnerWorker.run(SuiteRunnerWorker.java:96)
at org.testng.TestNG.runSuitesSequentially(TestNG.java:1214)
at org.testng.TestNG.runSuitesLocally(TestNG.java:1136)
at org.testng.TestNG.runSuites(TestNG.java:1066)
at org.testng.TestNG.run(TestNG.java:1034)
at org.testng.remote.AbstractRemoteTestNG.run(AbstractRemoteTestNG.java:115)
at org.testng.remote.RemoteTestNG.initAndRun(RemoteTestNG.java:251)
at org.testng.remote.RemoteTestNG.main(RemoteTestNG.java:77)
]]>
            </full-stacktrace>
          </exception> <!-- java.lang.AssertionError -->
          <reporter-output>
          </reporter-output>
        </test-method> <!-- divNumWithZero -->
        <test-method is-config="true" signature="resetValue()[pri:0, instance:calc.CalculatorTest@20d3d15a]" started-at="2020-05-17T21:41:20 CEST" name="resetValue" finished-at="2020-05-17T21:41:20 CEST" duration-ms="0" status="PASS">
          <reporter-output>
          </reporter-output>
        </test-method> <!-- resetValue -->
        <test-method signature="divNumberWithNumber()[pri:0, instance:calc.CalculatorTest@20d3d15a]" started-at="2020-05-17T21:41:20 CEST" name="divNumberWithNumber" finished-at="2020-05-17T21:41:20 CEST" duration-ms="4" status="PASS">
          <reporter-output>
          </reporter-output>
        </test-method> <!-- divNumberWithNumber -->
        <test-method signature="divZeroWithNumber()[pri:0, instance:calc.CalculatorTest@20d3d15a]" started-at="2020-05-17T21:41:20 CEST" name="divZeroWithNumber" finished-at="2020-05-17T21:41:20 CEST" duration-ms="3" status="PASS">
          <reporter-output>
          </reporter-output>
        </test-method> <!-- divZeroWithNumber -->
        <test-method is-config="true" signature="resetValue()[pri:0, instance:calc.CalculatorTest@20d3d15a]" started-at="2020-05-17T21:41:20 CEST" name="resetValue" finished-at="2020-05-17T21:41:20 CEST" duration-ms="0" status="PASS">
          <reporter-output>
          </reporter-output>
        </test-method> <!-- resetValue -->
        <test-method is-config="true" signature="resetValue()[pri:0, instance:calc.CalculatorTest@20d3d15a]" started-at="2020-05-17T21:41:20 CEST" name="resetValue" finished-at="2020-05-17T21:41:20 CEST" duration-ms="1" status="PASS">
          <reporter-output>
          </reporter-output>
        </test-method> <!-- resetValue -->
        <test-method signature="divZeroWithZero()[pri:0, instance:calc.CalculatorTest@20d3d15a]" started-at="2020-05-17T21:41:20 CEST" name="divZeroWithZero" finished-at="2020-05-17T21:41:20 CEST" duration-ms="2" status="PASS">
          <reporter-output>
          </reporter-output>
        </test-method> <!-- divZeroWithZero -->
      </class> <!-- calc.CalculatorTest -->
    </test> <!-- Default test -->
  </suite> <!-- Default suite -->
</testng-results>
